<?xml version="1.0" encoding="UTF-8"?>
<!-- Generated by org.testng.reporters.JUnitReportReporter -->
<testsuite hostname="DESKTOP-ML28E7P" failures="0" tests="1" name="Selenium_Setup.SearchWebGetResult" time="11.005" errors="0" timestamp="2025-04-25T19:24:31 IST" skipped="0">
  <testcase classname="Selenium_Setup.SearchWebGetResult" name="SearchOnWeb" time="11.005"/>
</testsuite> <!-- Selenium_Setup.SearchWebGetResult -->
